<?xml version="1.0" encoding="UTF-8"?>
<!-- Generated by org.testng.reporters.JUnitReportReporter -->
<testsuite hostname="Sayed-Sadat" failures="0" tests="3" name="tests.LoginSteps_Simple" time="4.391" errors="0" timestamp="2022-11-23T19:27:25 PST" skipped="0">
  <testcase classname="tests.LoginSteps_Simple" name="checkTest3" time="0.005"/>
  <system-out/>
  <testcase classname="tests.LoginSteps_Simple" name="loginTestPage" time="4.371"/>
  <system-out/>
  <testcase classname="tests.LoginSteps_Simple" name="checkTest2" time="0.015"/>
  <system-out/>
</testsuite> <!-- tests.LoginSteps_Simple -->
