<?xml version="1.0" encoding="UTF-8"?>
<!-- Generated by org.testng.reporters.JUnitReportReporter -->
<testsuite hostname="Sayed-Sadat" failures="0" tests="2" name="tests.RegisterAccountTests" time="6.425" errors="0" timestamp="2022-11-29T11:49:00 PST" skipped="0">
  <testcase classname="tests.RegisterAccountTests" name="registerAccount" time="4.260"/>
  <system-out/>
  <testcase classname="tests.RegisterAccountTests" name="registerAccount" time="2.165"/>
  <system-out/>
</testsuite> <!-- tests.RegisterAccountTests -->
